TN:
SF:src/data/usecases/group/CreateGroup.ts
FN:8,CreateGroupUseCase
FN:13,create
FNF:2
FNH:2
FNDA:4,CreateGroupUseCase
FNDA:8,create
DA:1,1
DA:2,1
DA:3,1
DA:4,1
DA:5,1
DA:6,1
DA:7,1
DA:8,1
DA:9,4
DA:10,4
DA:11,4
DA:12,1
DA:13,1
DA:14,8
DA:15,8
DA:16,8
DA:17,8
DA:18,8
DA:19,8
DA:20,8
DA:21,8
DA:22,1
LF:22
LH:22
BRF:0
BRH:0
end_of_record
TN:
SF:src/data/usecases/group/DeleteGroup.ts
FN:7,DeleteGroupUseCase
FN:12,deleteById
FNF:2
FNH:2
FNDA:3,DeleteGroupUseCase
FNDA:6,deleteById
DA:1,1
DA:2,1
DA:3,1
DA:4,1
DA:5,1
DA:6,1
DA:7,1
DA:8,3
DA:9,3
DA:10,3
DA:11,1
DA:12,1
DA:13,6
DA:14,6
DA:15,6
DA:16,6
DA:17,6
DA:18,6
DA:19,6
DA:20,6
DA:21,1
LF:21
LH:21
BRF:0
BRH:0
end_of_record
TN:
SF:src/data/usecases/group/LoadGroups.ts
FN:6,FindGroupsUseCase
FN:8,findAll
FNF:2
FNH:2
FNDA:3,FindGroupsUseCase
FNDA:3,findAll
DA:1,1
DA:2,1
DA:3,1
DA:4,1
DA:5,1
DA:6,1
DA:7,1
DA:8,1
DA:9,3
DA:10,3
DA:11,1
LF:11
LH:11
BRF:0
BRH:0
end_of_record
TN:
SF:src/data/usecases/group/UpdateGroup.ts
FN:10,UpdateGroupUseCase
FN:16,updateById
FNF:2
FNH:2
FNDA:3,UpdateGroupUseCase
FNDA:9,updateById
DA:1,1
DA:2,1
DA:3,1
DA:4,1
DA:5,1
DA:6,1
DA:7,1
DA:8,1
DA:9,1
DA:10,1
DA:11,3
DA:12,3
DA:13,3
DA:14,3
DA:15,1
DA:16,1
DA:17,9
DA:18,9
DA:19,9
DA:20,9
DA:21,9
DA:22,9
DA:23,9
DA:24,9
DA:25,9
DA:26,9
DA:27,9
DA:28,9
DA:29,9
DA:30,9
DA:31,9
DA:32,9
DA:33,9
DA:34,9
DA:35,9
DA:36,1
LF:36
LH:36
BRF:0
BRH:0
end_of_record
